The target system is: Generic - 2.7.99 - arm
The host system is: Windows - 10.0.19044 - AMD64
Compiling the C compiler identification source file "CMakeCCompilerId.c" succeeded.
Compiler: D:/zepyth/v1.9.1/toolchain/opt/bin/arm-none-eabi-gcc.exe 
Build flags: 
Id flags: -c 

The output was:
0


Compilation of the C compiler identification source "CMakeCCompilerId.c" produced "CMakeCCompilerId.o"

The C compiler identification is GNU, found in "D:/SDK/ncs_v1.9.1/v1.9.1/zephyr/samples/basic/button/build_nrf9160dk_nrf9160/spm/CMakeFiles/3.20.5/CompilerIdC/CMakeCCompilerId.o"

Compiling the CXX compiler identification source file "CMakeCXXCompilerId.cpp" succeeded.
Compiler: D:/zepyth/v1.9.1/toolchain/opt/bin/arm-none-eabi-gcc.exe 
Build flags: 
Id flags: -c 

The output was:
0


Compilation of the CXX compiler identification source "CMakeCXXCompilerId.cpp" produced "CMakeCXXCompilerId.o"

The CXX compiler identification is GNU, found in "D:/SDK/ncs_v1.9.1/v1.9.1/zephyr/samples/basic/button/build_nrf9160dk_nrf9160/spm/CMakeFiles/3.20.5/CompilerIdCXX/CMakeCXXCompilerId.o"

Checking whether the ASM compiler is GNU using "--version" matched "(GNU assembler)|(GCC)|(Free Software Foundation)":
arm-none-eabi-gcc.exe (GNU Tools for Arm Embedded Processors 9-2019-q4-major) 9.2.1 20191025 (release) [ARM/arm-9-branch revision 277599]
Copyright (C) 2019 Free Software Foundation, Inc.
This is free software; see the source for copying conditions.  There is NO
warranty; not even for MERCHANTABILITY or FITNESS FOR A PARTICULAR PURPOSE.

Performing C SOURCE FILE Test check_fmacro_prefix_map_D__SDK_ncs_v1_9_1_v1_9_1_nrf_samples_spm_CMAKE_SOURCE_DIR_C__nostartfiles__nostdlib__isystem__d__zepyth_v1_9_1_toolchain_opt_bin____lib_gcc_arm_none_eabi_9_2_1_include___isystem__d__zepyth_v1_9_1_toolchain_opt_bin____lib_gcc_arm_none_eabi_9_2_1_include_fixed___Wl___unresolved_symbols_ignore_in_object_files__Wl___entry_0 succeeded with the following output:
Change Dir: D:/SDK/ncs_v1.9.1/v1.9.1/zephyr/samples/basic/button/build_nrf9160dk_nrf9160/spm/CMakeFiles/CMakeTmp

Run Build Command(s):D:/zepyth/v1.9.1/toolchain/opt/bin/ninja.exe cmTC_4c783 && [1/2] Building C object CMakeFiles/cmTC_4c783.dir/src.c.obj
[2/2] Linking C executable cmTC_4c783


Source file was:
int main(void) { return 0; }
Performing C SOURCE FILE Test check_C__nostartfiles__nostdlib__isystem__d__zepyth_v1_9_1_toolchain_opt_bin____lib_gcc_arm_none_eabi_9_2_1_include___isystem__d__zepyth_v1_9_1_toolchain_opt_bin____lib_gcc_arm_none_eabi_9_2_1_include_fixed___Wl___unresolved_symbols_ignore_in_object_files__Wl___entry_0__Wl___out_implib_D__SDK_ncs_v1_9_1_v1_9_1_zephyr_samples_basic_button_build_nrf9160dk_nrf9160_spm_libspmsecureentries_a succeeded with the following output:
Change Dir: D:/SDK/ncs_v1.9.1/v1.9.1/zephyr/samples/basic/button/build_nrf9160dk_nrf9160/spm/CMakeFiles/CMakeTmp

Run Build Command(s):D:/zepyth/v1.9.1/toolchain/opt/bin/ninja.exe cmTC_06134 && [1/2] Building C object CMakeFiles/cmTC_06134.dir/src.c.obj
[2/2] Linking C executable cmTC_06134


Source file was:
int main(void) { return 0; }
Performing C SOURCE FILE Test check_C__nostartfiles__nostdlib__isystem__d__zepyth_v1_9_1_toolchain_opt_bin____lib_gcc_arm_none_eabi_9_2_1_include___isystem__d__zepyth_v1_9_1_toolchain_opt_bin____lib_gcc_arm_none_eabi_9_2_1_include_fixed___Wl___unresolved_symbols_ignore_in_object_files__Wl___entry_0__Wl___cmse_implib succeeded with the following output:
Change Dir: D:/SDK/ncs_v1.9.1/v1.9.1/zephyr/samples/basic/button/build_nrf9160dk_nrf9160/spm/CMakeFiles/CMakeTmp

Run Build Command(s):D:/zepyth/v1.9.1/toolchain/opt/bin/ninja.exe cmTC_67124 && [1/2] Building C object CMakeFiles/cmTC_67124.dir/src.c.obj
[2/2] Linking C executable cmTC_67124


Source file was:
int main(void) { return 0; }
